Analysis & Synthesis report for 06_Drawing
Thu Jul 04 10:46:55 2024
Quartus Prime Version 18.1.0 Build 625 09/12/2018 SJ Standard Edition


---------------------
; Table of Contents ;
---------------------
  1. Legal Notice
  2. Analysis & Synthesis Summary
  3. Analysis & Synthesis Settings
  4. Parallel Compilation
  5. Analysis & Synthesis Messages



----------------
; Legal Notice ;
----------------
Copyright (C) 2018  Intel Corporation. All rights reserved.
Your use of Intel Corporation's design tools, logic functions 
and other software and tools, and its AMPP partner logic 
functions, and any output files from any of the foregoing 
(including device programming or simulation files), and any 
associated documentation or information are expressly subject 
to the terms and conditions of the Intel Program License 
Subscription Agreement, the Intel Quartus Prime License Agreement,
the Intel FPGA IP License Agreement, or other applicable license
agreement, including, without limitation, that your use is for
the sole purpose of programming logic devices manufactured by
Intel and sold by Intel or its authorized distributors.  Please
refer to the applicable agreement for further details.



+--------------------------------------------------------------------------------------+
; Analysis & Synthesis Summary                                                         ;
+------------------------------------+-------------------------------------------------+
; Analysis & Synthesis Status        ; Failed - Thu Jul 04 10:46:55 2024               ;
; Quartus Prime Version              ; 18.1.0 Build 625 09/12/2018 SJ Standard Edition ;
; Revision Name                      ; 06_Drawing                                      ;
; Top-level Entity Name              ; 06_Drawing                                      ;
; Family                             ; MAX 10                                          ;
; Total logic elements               ; N/A until Partition Merge                       ;
;     Total combinational functions  ; N/A until Partition Merge                       ;
;     Dedicated logic registers      ; N/A until Partition Merge                       ;
; Total registers                    ; N/A until Partition Merge                       ;
; Total pins                         ; N/A until Partition Merge                       ;
; Total virtual pins                 ; N/A until Partition Merge                       ;
; Total memory bits                  ; N/A until Partition Merge                       ;
; Embedded Multiplier 9-bit elements ; N/A until Partition Merge                       ;
; Total PLLs                         ; N/A until Partition Merge                       ;
; UFM blocks                         ; N/A until Partition Merge                       ;
; ADC blocks                         ; N/A until Partition Merge                       ;
+------------------------------------+-------------------------------------------------+


+------------------------------------------------------------------------------------------------------------+
; Analysis & Synthesis Settings                                                                              ;
+------------------------------------------------------------------+--------------------+--------------------+
; Option                                                           ; Setting            ; Default Value      ;
+------------------------------------------------------------------+--------------------+--------------------+
; Device                                                           ; 10M50DAF484C7G     ;                    ;
; Top-level entity name                                            ; 06_Drawing         ; 06_Drawing         ;
; Family name                                                      ; MAX 10             ; Cyclone V          ;
; Use smart compilation                                            ; Off                ; Off                ;
; Enable parallel Assembler and Timing Analyzer during compilation ; On                 ; On                 ;
; Enable compact report table                                      ; Off                ; Off                ;
; Restructure Multiplexers                                         ; Auto               ; Auto               ;
; Create Debugging Nodes for IP Cores                              ; Off                ; Off                ;
; Preserve fewer node names                                        ; On                 ; On                 ;
; Intel FPGA IP Evaluation Mode                                    ; Enable             ; Enable             ;
; Verilog Version                                                  ; Verilog_2001       ; Verilog_2001       ;
; VHDL Version                                                     ; VHDL_1993          ; VHDL_1993          ;
; State Machine Processing                                         ; Auto               ; Auto               ;
; Safe State Machine                                               ; Off                ; Off                ;
; Extract Verilog State Machines                                   ; On                 ; On                 ;
; Extract VHDL State Machines                                      ; On                 ; On                 ;
; Ignore Verilog initial constructs                                ; Off                ; Off                ;
; Iteration limit for constant Verilog loops                       ; 5000               ; 5000               ;
; Iteration limit for non-constant Verilog loops                   ; 250                ; 250                ;
; Add Pass-Through Logic to Inferred RAMs                          ; On                 ; On                 ;
; Infer RAMs from Raw Logic                                        ; On                 ; On                 ;
; Parallel Synthesis                                               ; On                 ; On                 ;
; DSP Block Balancing                                              ; Auto               ; Auto               ;
; NOT Gate Push-Back                                               ; On                 ; On                 ;
; Power-Up Don't Care                                              ; On                 ; On                 ;
; Remove Redundant Logic Cells                                     ; Off                ; Off                ;
; Remove Duplicate Registers                                       ; On                 ; On                 ;
; Ignore CARRY Buffers                                             ; Off                ; Off                ;
; Ignore CASCADE Buffers                                           ; Off                ; Off                ;
; Ignore GLOBAL Buffers                                            ; Off                ; Off                ;
; Ignore ROW GLOBAL Buffers                                        ; Off                ; Off                ;
; Ignore LCELL Buffers                                             ; Off                ; Off                ;
; Ignore SOFT Buffers                                              ; On                 ; On                 ;
; Limit AHDL Integers to 32 Bits                                   ; Off                ; Off                ;
; Optimization Technique                                           ; Balanced           ; Balanced           ;
; Carry Chain Length                                               ; 70                 ; 70                 ;
; Auto Carry Chains                                                ; On                 ; On                 ;
; Auto Open-Drain Pins                                             ; On                 ; On                 ;
; Perform WYSIWYG Primitive Resynthesis                            ; Off                ; Off                ;
; Auto ROM Replacement                                             ; On                 ; On                 ;
; Auto RAM Replacement                                             ; On                 ; On                 ;
; Auto DSP Block Replacement                                       ; On                 ; On                 ;
; Auto Shift Register Replacement                                  ; Auto               ; Auto               ;
; Allow Shift Register Merging across Hierarchies                  ; Auto               ; Auto               ;
; Auto Clock Enable Replacement                                    ; On                 ; On                 ;
; Strict RAM Replacement                                           ; Off                ; Off                ;
; Allow Synchronous Control Signals                                ; On                 ; On                 ;
; Force Use of Synchronous Clear Signals                           ; Off                ; Off                ;
; Auto RAM Block Balancing                                         ; On                 ; On                 ;
; Auto RAM to Logic Cell Conversion                                ; Off                ; Off                ;
; Auto Resource Sharing                                            ; Off                ; Off                ;
; Allow Any RAM Size For Recognition                               ; Off                ; Off                ;
; Allow Any ROM Size For Recognition                               ; Off                ; Off                ;
; Allow Any Shift Register Size For Recognition                    ; Off                ; Off                ;
; Use LogicLock Constraints during Resource Balancing              ; On                 ; On                 ;
; Ignore translate_off and synthesis_off directives                ; Off                ; Off                ;
; Timing-Driven Synthesis                                          ; On                 ; On                 ;
; Report Parameter Settings                                        ; On                 ; On                 ;
; Report Source Assignments                                        ; On                 ; On                 ;
; Report Connectivity Checks                                       ; On                 ; On                 ;
; Ignore Maximum Fan-Out Assignments                               ; Off                ; Off                ;
; Synchronization Register Chain Length                            ; 2                  ; 2                  ;
; Power Optimization During Synthesis                              ; Normal compilation ; Normal compilation ;
; HDL message level                                                ; Level2             ; Level2             ;
; Suppress Register Optimization Related Messages                  ; Off                ; Off                ;
; Number of Removed Registers Reported in Synthesis Report         ; 5000               ; 5000               ;
; Number of Swept Nodes Reported in Synthesis Report               ; 5000               ; 5000               ;
; Number of Inverted Registers Reported in Synthesis Report        ; 100                ; 100                ;
; Clock MUX Protection                                             ; On                 ; On                 ;
; Auto Gated Clock Conversion                                      ; Off                ; Off                ;
; Block Design Naming                                              ; Auto               ; Auto               ;
; SDC constraint protection                                        ; Off                ; Off                ;
; Synthesis Effort                                                 ; Auto               ; Auto               ;
; Shift Register Replacement - Allow Asynchronous Clear Signal     ; On                 ; On                 ;
; Pre-Mapping Resynthesis Optimization                             ; Off                ; Off                ;
; Analysis & Synthesis Message Level                               ; Medium             ; Medium             ;
; Disable Register Merging Across Hierarchies                      ; Auto               ; Auto               ;
; Resource Aware Inference For Block RAM                           ; On                 ; On                 ;
+------------------------------------------------------------------+--------------------+--------------------+


+------------------------------------------+
; Parallel Compilation                     ;
+----------------------------+-------------+
; Processors                 ; Number      ;
+----------------------------+-------------+
; Number detected on machine ; 16          ;
; Maximum allowed            ; 16          ;
;                            ;             ;
; Average used               ; 1.00        ;
; Maximum used               ; 1           ;
;                            ;             ;
; Usage by Processor         ; % Time Used ;
;     Processor 1            ; 100.0%      ;
+----------------------------+-------------+


+-------------------------------+
; Analysis & Synthesis Messages ;
+-------------------------------+
Info: *******************************************************************
Info: Running Quartus Prime Analysis & Synthesis
    Info: Version 18.1.0 Build 625 09/12/2018 SJ Standard Edition
    Info: Processing started: Thu Jul 04 10:46:44 2024
Info: Command: quartus_map --read_settings_files=on --write_settings_files=off 06_Drawing -c 06_Drawing
Warning (18236): Number of processors has not been specified which may cause overloading on shared machines.  Set the global assignment NUM_PARALLEL_PROCESSORS in your QSF to an appropriate value for best performance.
Info (20030): Parallel compilation is enabled and will use 16 of the 16 processors detected
Info (12021): Found 1 design units, including 1 entities, in source file fsm.v
    Info (12023): Found entity 1: FSM File: F:/OcsilloscopeDisplay/06_Drawing_restored/FSM.v Line: 1
Info (12021): Found 1 design units, including 1 entities, in source file scaler.v
    Info (12023): Found entity 1: scaler File: F:/OcsilloscopeDisplay/06_Drawing_restored/scaler.v Line: 1
Info (12021): Found 1 design units, including 1 entities, in source file 06_drawing.bdf
    Info (12023): Found entity 1: 06_Drawing
Info (12021): Found 1 design units, including 1 entities, in source file block2.bdf
    Info (12023): Found entity 1: Block2
Info (12127): Elaborating entity "06_Drawing" for the top level hierarchy
Info (12128): Elaborating entity "scaler" for hierarchy "scaler:inst"
Warning (10230): Verilog HDL assignment warning at scaler.v(16): truncated value with size 32 to match size of target (6) File: F:/OcsilloscopeDisplay/06_Drawing_restored/scaler.v Line: 16
Info (12128): Elaborating entity "FSM" for hierarchy "FSM:inst3"
Warning (10850): Verilog HDL warning at FSM.v(26): number of words (1348) in memory file does not match the number of elements in the address range [0:1350] File: F:/OcsilloscopeDisplay/06_Drawing_restored/FSM.v Line: 26
Warning (10850): Verilog HDL warning at FSM.v(27): number of words (1348) in memory file does not match the number of elements in the address range [0:1350] File: F:/OcsilloscopeDisplay/06_Drawing_restored/FSM.v Line: 27
Warning (10850): Verilog HDL warning at FSM.v(31): number of words (1460) in memory file does not match the number of elements in the address range [0:1350] File: F:/OcsilloscopeDisplay/06_Drawing_restored/FSM.v Line: 31
Warning (10850): Verilog HDL warning at FSM.v(32): number of words (1460) in memory file does not match the number of elements in the address range [0:1350] File: F:/OcsilloscopeDisplay/06_Drawing_restored/FSM.v Line: 32
Warning (10850): Verilog HDL warning at FSM.v(36): number of words (1754) in memory file does not match the number of elements in the address range [0:1350] File: F:/OcsilloscopeDisplay/06_Drawing_restored/FSM.v Line: 36
Warning (10850): Verilog HDL warning at FSM.v(37): number of words (1754) in memory file does not match the number of elements in the address range [0:1350] File: F:/OcsilloscopeDisplay/06_Drawing_restored/FSM.v Line: 37
Warning (10850): Verilog HDL warning at FSM.v(41): number of words (783) in memory file does not match the number of elements in the address range [0:1350] File: F:/OcsilloscopeDisplay/06_Drawing_restored/FSM.v Line: 41
Warning (10850): Verilog HDL warning at FSM.v(42): number of words (783) in memory file does not match the number of elements in the address range [0:1350] File: F:/OcsilloscopeDisplay/06_Drawing_restored/FSM.v Line: 42
Warning (10850): Verilog HDL warning at FSM.v(46): number of words (1546) in memory file does not match the number of elements in the address range [0:1350] File: F:/OcsilloscopeDisplay/06_Drawing_restored/FSM.v Line: 46
Warning (10850): Verilog HDL warning at FSM.v(47): number of words (1546) in memory file does not match the number of elements in the address range [0:1350] File: F:/OcsilloscopeDisplay/06_Drawing_restored/FSM.v Line: 47
Warning (10850): Verilog HDL warning at FSM.v(51): number of words (1980) in memory file does not match the number of elements in the address range [0:1350] File: F:/OcsilloscopeDisplay/06_Drawing_restored/FSM.v Line: 51
Warning (10850): Verilog HDL warning at FSM.v(52): number of words (1980) in memory file does not match the number of elements in the address range [0:1350] File: F:/OcsilloscopeDisplay/06_Drawing_restored/FSM.v Line: 52
Warning (10850): Verilog HDL warning at FSM.v(56): number of words (865) in memory file does not match the number of elements in the address range [0:1350] File: F:/OcsilloscopeDisplay/06_Drawing_restored/FSM.v Line: 56
Warning (10850): Verilog HDL warning at FSM.v(57): number of words (865) in memory file does not match the number of elements in the address range [0:1350] File: F:/OcsilloscopeDisplay/06_Drawing_restored/FSM.v Line: 57
Warning (10850): Verilog HDL warning at FSM.v(61): number of words (653) in memory file does not match the number of elements in the address range [0:1350] File: F:/OcsilloscopeDisplay/06_Drawing_restored/FSM.v Line: 61
Warning (10850): Verilog HDL warning at FSM.v(62): number of words (653) in memory file does not match the number of elements in the address range [0:1350] File: F:/OcsilloscopeDisplay/06_Drawing_restored/FSM.v Line: 62
Warning (10850): Verilog HDL warning at FSM.v(66): number of words (751) in memory file does not match the number of elements in the address range [0:1350] File: F:/OcsilloscopeDisplay/06_Drawing_restored/FSM.v Line: 66
Warning (10850): Verilog HDL warning at FSM.v(67): number of words (751) in memory file does not match the number of elements in the address range [0:1350] File: F:/OcsilloscopeDisplay/06_Drawing_restored/FSM.v Line: 67
Warning (10850): Verilog HDL warning at FSM.v(71): number of words (1296) in memory file does not match the number of elements in the address range [0:1350] File: F:/OcsilloscopeDisplay/06_Drawing_restored/FSM.v Line: 71
Warning (10850): Verilog HDL warning at FSM.v(72): number of words (1296) in memory file does not match the number of elements in the address range [0:1350] File: F:/OcsilloscopeDisplay/06_Drawing_restored/FSM.v Line: 72
Warning (10850): Verilog HDL warning at FSM.v(76): number of words (1576) in memory file does not match the number of elements in the address range [0:1350] File: F:/OcsilloscopeDisplay/06_Drawing_restored/FSM.v Line: 76
Warning (10850): Verilog HDL warning at FSM.v(77): number of words (1576) in memory file does not match the number of elements in the address range [0:1350] File: F:/OcsilloscopeDisplay/06_Drawing_restored/FSM.v Line: 77
Warning (10850): Verilog HDL warning at FSM.v(81): number of words (717) in memory file does not match the number of elements in the address range [0:1350] File: F:/OcsilloscopeDisplay/06_Drawing_restored/FSM.v Line: 81
Warning (10850): Verilog HDL warning at FSM.v(82): number of words (717) in memory file does not match the number of elements in the address range [0:1350] File: F:/OcsilloscopeDisplay/06_Drawing_restored/FSM.v Line: 82
Warning (10850): Verilog HDL warning at FSM.v(97): number of words (1348) in memory file does not match the number of elements in the address range [0:1350] File: F:/OcsilloscopeDisplay/06_Drawing_restored/FSM.v Line: 97
Warning (10850): Verilog HDL warning at FSM.v(98): number of words (1348) in memory file does not match the number of elements in the address range [0:1350] File: F:/OcsilloscopeDisplay/06_Drawing_restored/FSM.v Line: 98
Warning (10230): Verilog HDL assignment warning at FSM.v(107): truncated value with size 32 to match size of target (4) File: F:/OcsilloscopeDisplay/06_Drawing_restored/FSM.v Line: 107
Warning (10230): Verilog HDL assignment warning at FSM.v(113): truncated value with size 32 to match size of target (11) File: F:/OcsilloscopeDisplay/06_Drawing_restored/FSM.v Line: 113
Error (10028): Can't resolve multiple constant drivers for net "X_vec[0][7]" at FSM.v(91) File: F:/OcsilloscopeDisplay/06_Drawing_restored/FSM.v Line: 91
Error (10029): Constant driver at FSM.v(19) File: F:/OcsilloscopeDisplay/06_Drawing_restored/FSM.v Line: 19
Error (10028): Can't resolve multiple constant drivers for net "X_vec[0][6]" at FSM.v(91) File: F:/OcsilloscopeDisplay/06_Drawing_restored/FSM.v Line: 91
Error (10028): Can't resolve multiple constant drivers for net "X_vec[0][5]" at FSM.v(91) File: F:/OcsilloscopeDisplay/06_Drawing_restored/FSM.v Line: 91
Error (10028): Can't resolve multiple constant drivers for net "X_vec[0][4]" at FSM.v(91) File: F:/OcsilloscopeDisplay/06_Drawing_restored/FSM.v Line: 91
Error (10028): Can't resolve multiple constant drivers for net "X_vec[0][3]" at FSM.v(91) File: F:/OcsilloscopeDisplay/06_Drawing_restored/FSM.v Line: 91
Error (10028): Can't resolve multiple constant drivers for net "X_vec[0][2]" at FSM.v(91) File: F:/OcsilloscopeDisplay/06_Drawing_restored/FSM.v Line: 91
Error (10028): Can't resolve multiple constant drivers for net "X_vec[0][1]" at FSM.v(91) File: F:/OcsilloscopeDisplay/06_Drawing_restored/FSM.v Line: 91
Error (10028): Can't resolve multiple constant drivers for net "X_vec[0][0]" at FSM.v(91) File: F:/OcsilloscopeDisplay/06_Drawing_restored/FSM.v Line: 91
Error (10028): Can't resolve multiple constant drivers for net "X_vec[1][7]" at FSM.v(91) File: F:/OcsilloscopeDisplay/06_Drawing_restored/FSM.v Line: 91
Error (10028): Can't resolve multiple constant drivers for net "X_vec[1][6]" at FSM.v(91) File: F:/OcsilloscopeDisplay/06_Drawing_restored/FSM.v Line: 91
Error (10028): Can't resolve multiple constant drivers for net "X_vec[1][5]" at FSM.v(91) File: F:/OcsilloscopeDisplay/06_Drawing_restored/FSM.v Line: 91
Error (10028): Can't resolve multiple constant drivers for net "X_vec[1][4]" at FSM.v(91) File: F:/OcsilloscopeDisplay/06_Drawing_restored/FSM.v Line: 91
Error (10028): Can't resolve multiple constant drivers for net "X_vec[1][3]" at FSM.v(91) File: F:/OcsilloscopeDisplay/06_Drawing_restored/FSM.v Line: 91
Error (10028): Can't resolve multiple constant drivers for net "X_vec[1][2]" at FSM.v(91) File: F:/OcsilloscopeDisplay/06_Drawing_restored/FSM.v Line: 91
Error (10028): Can't resolve multiple constant drivers for net "X_vec[1][1]" at FSM.v(91) File: F:/OcsilloscopeDisplay/06_Drawing_restored/FSM.v Line: 91
Error (10028): Can't resolve multiple constant drivers for net "X_vec[1][0]" at FSM.v(91) File: F:/OcsilloscopeDisplay/06_Drawing_restored/FSM.v Line: 91
Error (10028): Can't resolve multiple constant drivers for net "X_vec[2][7]" at FSM.v(91) File: F:/OcsilloscopeDisplay/06_Drawing_restored/FSM.v Line: 91
Error (10028): Can't resolve multiple constant drivers for net "X_vec[2][6]" at FSM.v(91) File: F:/OcsilloscopeDisplay/06_Drawing_restored/FSM.v Line: 91
Error (12152): Can't elaborate user hierarchy "FSM:inst3"
Error: Quartus Prime Analysis & Synthesis was unsuccessful. 20 errors, 30 warnings
    Error: Peak virtual memory: 4984 megabytes
    Error: Processing ended: Thu Jul 04 10:46:55 2024
    Error: Elapsed time: 00:00:11
    Error: Total CPU time (on all processors): 00:00:09


