Analysis & Synthesis report for Bonus
Tue Jul 02 11:29:19 2024
Quartus Prime Version 18.1.0 Build 625 09/12/2018 SJ Standard Edition


---------------------
; Table of Contents ;
---------------------
  1. Legal Notice
  2. Analysis & Synthesis Summary
  3. Analysis & Synthesis Settings
  4. Parallel Compilation
  5. Analysis & Synthesis Source Files Read
  6. Analysis & Synthesis Resource Usage Summary
  7. Analysis & Synthesis Resource Utilization by Entity
  8. State Machine - |Bonus|controller:ctrl_inst|rdwr1:i2c_y_inst|Sreg0
  9. State Machine - |Bonus|controller:ctrl_inst|rdwr1:i2c_x_inst|Sreg0
 10. Registers Removed During Synthesis
 11. Removed Registers Triggering Further Register Optimizations
 12. General Register Statistics
 13. Inverted Register Statistics
 14. Multiplexer Restructuring Statistics (Restructuring Performed)
 15. Parameter Settings for User Entity Instance: controller:ctrl_inst|rom_x:rom_x_inst
 16. Parameter Settings for User Entity Instance: controller:ctrl_inst|rom_y:rom_y_inst
 17. Port Connectivity Checks: "controller:ctrl_inst|rdwr1:i2c_y_inst"
 18. Port Connectivity Checks: "controller:ctrl_inst|rdwr1:i2c_x_inst"
 19. Post-Synthesis Netlist Statistics for Top Partition
 20. Elapsed Time Per Partition
 21. Analysis & Synthesis Messages



----------------
; Legal Notice ;
----------------
Copyright (C) 2018  Intel Corporation. All rights reserved.
Your use of Intel Corporation's design tools, logic functions 
and other software and tools, and its AMPP partner logic 
functions, and any output files from any of the foregoing 
(including device programming or simulation files), and any 
associated documentation or information are expressly subject 
to the terms and conditions of the Intel Program License 
Subscription Agreement, the Intel Quartus Prime License Agreement,
the Intel FPGA IP License Agreement, or other applicable license
agreement, including, without limitation, that your use is for
the sole purpose of programming logic devices manufactured by
Intel and sold by Intel or its authorized distributors.  Please
refer to the applicable agreement for further details.



+-----------------------------------------------------------------------------------+
; Analysis & Synthesis Summary                                                      ;
+---------------------------------+-------------------------------------------------+
; Analysis & Synthesis Status     ; Successful - Tue Jul 02 11:29:19 2024           ;
; Quartus Prime Version           ; 18.1.0 Build 625 09/12/2018 SJ Standard Edition ;
; Revision Name                   ; Bonus                                           ;
; Top-level Entity Name           ; Bonus                                           ;
; Family                          ; Cyclone V                                       ;
; Logic utilization (in ALMs)     ; N/A                                             ;
; Total registers                 ; 83                                              ;
; Total pins                      ; 18                                              ;
; Total virtual pins              ; 0                                               ;
; Total block memory bits         ; 0                                               ;
; Total DSP Blocks                ; 0                                               ;
; Total HSSI RX PCSs              ; 0                                               ;
; Total HSSI PMA RX Deserializers ; 0                                               ;
; Total HSSI TX PCSs              ; 0                                               ;
; Total HSSI PMA TX Serializers   ; 0                                               ;
; Total PLLs                      ; 0                                               ;
; Total DLLs                      ; 0                                               ;
+---------------------------------+-------------------------------------------------+


+---------------------------------------------------------------------------------------------------------------------------+
; Analysis & Synthesis Settings                                                                                             ;
+---------------------------------------------------------------------------------+--------------------+--------------------+
; Option                                                                          ; Setting            ; Default Value      ;
+---------------------------------------------------------------------------------+--------------------+--------------------+
; Device                                                                          ; 5CGXFC7C7F23C8     ;                    ;
; Top-level entity name                                                           ; Bonus              ; Bonus              ;
; Family name                                                                     ; Cyclone V          ; Cyclone V          ;
; Use smart compilation                                                           ; Off                ; Off                ;
; Enable parallel Assembler and Timing Analyzer during compilation                ; On                 ; On                 ;
; Enable compact report table                                                     ; Off                ; Off                ;
; Restructure Multiplexers                                                        ; Auto               ; Auto               ;
; MLAB Add Timing Constraints For Mixed-Port Feed-Through Mode Setting Don't Care ; Off                ; Off                ;
; Create Debugging Nodes for IP Cores                                             ; Off                ; Off                ;
; Preserve fewer node names                                                       ; On                 ; On                 ;
; Intel FPGA IP Evaluation Mode                                                   ; Enable             ; Enable             ;
; Verilog Version                                                                 ; Verilog_2001       ; Verilog_2001       ;
; VHDL Version                                                                    ; VHDL_1993          ; VHDL_1993          ;
; State Machine Processing                                                        ; Auto               ; Auto               ;
; Safe State Machine                                                              ; Off                ; Off                ;
; Extract Verilog State Machines                                                  ; On                 ; On                 ;
; Extract VHDL State Machines                                                     ; On                 ; On                 ;
; Ignore Verilog initial constructs                                               ; Off                ; Off                ;
; Iteration limit for constant Verilog loops                                      ; 5000               ; 5000               ;
; Iteration limit for non-constant Verilog loops                                  ; 250                ; 250                ;
; Add Pass-Through Logic to Inferred RAMs                                         ; On                 ; On                 ;
; Infer RAMs from Raw Logic                                                       ; On                 ; On                 ;
; Parallel Synthesis                                                              ; On                 ; On                 ;
; DSP Block Balancing                                                             ; Auto               ; Auto               ;
; NOT Gate Push-Back                                                              ; On                 ; On                 ;
; Power-Up Don't Care                                                             ; On                 ; On                 ;
; Remove Redundant Logic Cells                                                    ; Off                ; Off                ;
; Remove Duplicate Registers                                                      ; On                 ; On                 ;
; Ignore CARRY Buffers                                                            ; Off                ; Off                ;
; Ignore CASCADE Buffers                                                          ; Off                ; Off                ;
; Ignore GLOBAL Buffers                                                           ; Off                ; Off                ;
; Ignore ROW GLOBAL Buffers                                                       ; Off                ; Off                ;
; Ignore LCELL Buffers                                                            ; Off                ; Off                ;
; Ignore SOFT Buffers                                                             ; On                 ; On                 ;
; Limit AHDL Integers to 32 Bits                                                  ; Off                ; Off                ;
; Optimization Technique                                                          ; Balanced           ; Balanced           ;
; Carry Chain Length                                                              ; 70                 ; 70                 ;
; Auto Carry Chains                                                               ; On                 ; On                 ;
; Auto Open-Drain Pins                                                            ; On                 ; On                 ;
; Perform WYSIWYG Primitive Resynthesis                                           ; Off                ; Off                ;
; Auto ROM Replacement                                                            ; On                 ; On                 ;
; Auto RAM Replacement                                                            ; On                 ; On                 ;
; Auto DSP Block Replacement                                                      ; On                 ; On                 ;
; Auto Shift Register Replacement                                                 ; Auto               ; Auto               ;
; Allow Shift Register Merging across Hierarchies                                 ; Auto               ; Auto               ;
; Auto Clock Enable Replacement                                                   ; On                 ; On                 ;
; Strict RAM Replacement                                                          ; Off                ; Off                ;
; Allow Synchronous Control Signals                                               ; On                 ; On                 ;
; Force Use of Synchronous Clear Signals                                          ; Off                ; Off                ;
; Auto Resource Sharing                                                           ; Off                ; Off                ;
; Allow Any RAM Size For Recognition                                              ; Off                ; Off                ;
; Allow Any ROM Size For Recognition                                              ; Off                ; Off                ;
; Allow Any Shift Register Size For Recognition                                   ; Off                ; Off                ;
; Use LogicLock Constraints during Resource Balancing                             ; On                 ; On                 ;
; Ignore translate_off and synthesis_off directives                               ; Off                ; Off                ;
; Timing-Driven Synthesis                                                         ; On                 ; On                 ;
; Report Parameter Settings                                                       ; On                 ; On                 ;
; Report Source Assignments                                                       ; On                 ; On                 ;
; Report Connectivity Checks                                                      ; On                 ; On                 ;
; Ignore Maximum Fan-Out Assignments                                              ; Off                ; Off                ;
; Synchronization Register Chain Length                                           ; 3                  ; 3                  ;
; Power Optimization During Synthesis                                             ; Normal compilation ; Normal compilation ;
; HDL message level                                                               ; Level2             ; Level2             ;
; Suppress Register Optimization Related Messages                                 ; Off                ; Off                ;
; Number of Removed Registers Reported in Synthesis Report                        ; 5000               ; 5000               ;
; Number of Swept Nodes Reported in Synthesis Report                              ; 5000               ; 5000               ;
; Number of Inverted Registers Reported in Synthesis Report                       ; 100                ; 100                ;
; Clock MUX Protection                                                            ; On                 ; On                 ;
; Auto Gated Clock Conversion                                                     ; Off                ; Off                ;
; Block Design Naming                                                             ; Auto               ; Auto               ;
; SDC constraint protection                                                       ; Off                ; Off                ;
; Synthesis Effort                                                                ; Auto               ; Auto               ;
; Shift Register Replacement - Allow Asynchronous Clear Signal                    ; On                 ; On                 ;
; Pre-Mapping Resynthesis Optimization                                            ; Off                ; Off                ;
; Analysis & Synthesis Message Level                                              ; Medium             ; Medium             ;
; Disable Register Merging Across Hierarchies                                     ; Auto               ; Auto               ;
; Resource Aware Inference For Block RAM                                          ; On                 ; On                 ;
; Automatic Parallel Synthesis                                                    ; On                 ; On                 ;
; Partial Reconfiguration Bitstream ID                                            ; Off                ; Off                ;
+---------------------------------------------------------------------------------+--------------------+--------------------+


+------------------------------------------+
; Parallel Compilation                     ;
+----------------------------+-------------+
; Processors                 ; Number      ;
+----------------------------+-------------+
; Number detected on machine ; 16          ;
; Maximum allowed            ; 16          ;
;                            ;             ;
; Average used               ; 1.00        ;
; Maximum used               ; 16          ;
;                            ;             ;
; Usage by Processor         ; % Time Used ;
;     Processor 1            ; 100.0%      ;
;     Processors 2-16        ;   0.0%      ;
+----------------------------+-------------+


+---------------------------------------------------------------------------------------------------------------+
; Analysis & Synthesis Source Files Read                                                                        ;
+----------------------------------+-----------------+-----------------+------------------------------+---------+
; File Name with User-Entered Path ; Used in Netlist ; File Type       ; File Name with Absolute Path ; Library ;
+----------------------------------+-----------------+-----------------+------------------------------+---------+
; rom_x.vhd                        ; yes             ; User VHDL File  ; F:/EleBonus/rom_x.vhd        ;         ;
; rom_y.vhd                        ; yes             ; User VHDL File  ; F:/EleBonus/rom_y.vhd        ;         ;
; controller.vhd                   ; yes             ; User VHDL File  ; F:/EleBonus/controller.vhd   ;         ;
; Bonus.vhd                        ; yes             ; User VHDL File  ; F:/EleBonus/Bonus.vhd        ;         ;
; rdwr1.vhd                        ; yes             ; User VHDL File  ; F:/EleBonus/rdwr1.vhd        ;         ;
+----------------------------------+-----------------+-----------------+------------------------------+---------+


+---------------------------------------------------------+
; Analysis & Synthesis Resource Usage Summary             ;
+---------------------------------------------+-----------+
; Resource                                    ; Usage     ;
+---------------------------------------------+-----------+
; Estimate of Logic utilization (ALMs needed) ; 59        ;
;                                             ;           ;
; Combinational ALUT usage for logic          ; 95        ;
;     -- 7 input functions                    ; 2         ;
;     -- 6 input functions                    ; 18        ;
;     -- 5 input functions                    ; 18        ;
;     -- 4 input functions                    ; 14        ;
;     -- <=3 input functions                  ; 43        ;
;                                             ;           ;
; Dedicated logic registers                   ; 83        ;
;                                             ;           ;
; I/O pins                                    ; 18        ;
;                                             ;           ;
; Total DSP Blocks                            ; 0         ;
;                                             ;           ;
; Maximum fan-out node                        ; clk~input ;
; Maximum fan-out                             ; 83        ;
; Total fan-out                               ; 595       ;
; Average fan-out                             ; 2.75      ;
+---------------------------------------------+-----------+


+-----------------------------------------------------------------------------------------------------------------------------------------------------------------------------------------------------------------+
; Analysis & Synthesis Resource Utilization by Entity                                                                                                                                                             ;
+----------------------------+---------------------+---------------------------+-------------------+------------+------+--------------+----------------------------------------------+-------------+--------------+
; Compilation Hierarchy Node ; Combinational ALUTs ; Dedicated Logic Registers ; Block Memory Bits ; DSP Blocks ; Pins ; Virtual Pins ; Full Hierarchy Name                          ; Entity Name ; Library Name ;
+----------------------------+---------------------+---------------------------+-------------------+------------+------+--------------+----------------------------------------------+-------------+--------------+
; |Bonus                     ; 95 (0)              ; 83 (0)                    ; 0                 ; 0          ; 18   ; 0            ; |Bonus                                       ; Bonus       ; work         ;
;    |controller:ctrl_inst|  ; 95 (6)              ; 83 (20)                   ; 0                 ; 0          ; 0    ; 0            ; |Bonus|controller:ctrl_inst                  ; controller  ; work         ;
;       |rdwr1:i2c_x_inst|   ; 40 (40)             ; 27 (27)                   ; 0                 ; 0          ; 0    ; 0            ; |Bonus|controller:ctrl_inst|rdwr1:i2c_x_inst ; rdwr1       ; work         ;
;       |rdwr1:i2c_y_inst|   ; 39 (39)             ; 26 (26)                   ; 0                 ; 0          ; 0    ; 0            ; |Bonus|controller:ctrl_inst|rdwr1:i2c_y_inst ; rdwr1       ; work         ;
;       |rom_x:rom_x_inst|   ; 5 (5)               ; 5 (5)                     ; 0                 ; 0          ; 0    ; 0            ; |Bonus|controller:ctrl_inst|rom_x:rom_x_inst ; rom_x       ; work         ;
;       |rom_y:rom_y_inst|   ; 5 (5)               ; 5 (5)                     ; 0                 ; 0          ; 0    ; 0            ; |Bonus|controller:ctrl_inst|rom_y:rom_y_inst ; rom_y       ; work         ;
+----------------------------+---------------------+---------------------------+-------------------+------------+------+--------------+----------------------------------------------+-------------+--------------+
Note: For table entries with two numbers listed, the numbers in parentheses indicate the number of resources of the given type used by the specific entity alone. The numbers listed outside of parentheses indicate the total resources of the given type used by the specific entity and all of its sub-entities in the hierarchy.


Encoding Type:  One-Hot
+-----------------------------------------------------------------------------------------------------------------------------------------------------------------------------------------------------------------------------------------------------------------+
; State Machine - |Bonus|controller:ctrl_inst|rdwr1:i2c_y_inst|Sreg0                                                                                                                                                                                              ;
+-----------+-----------+-----------+-----------+-----------+-----------+-----------+----------+-----------+-----------+-----------+-----------+-----------+-----------+-----------+----------+----------+----------+-----------+----------+----------+-----------+
; Name      ; Sreg0.S24 ; Sreg0.S23 ; Sreg0.S22 ; Sreg0.S21 ; Sreg0.S19 ; Sreg0.S20 ; Sreg0.S1 ; Sreg0.S14 ; Sreg0.S18 ; Sreg0.S17 ; Sreg0.S13 ; Sreg0.S12 ; Sreg0.S16 ; Sreg0.S15 ; Sreg0.S8 ; Sreg0.S6 ; Sreg0.S5 ; Sreg0.S10 ; Sreg0.S9 ; Sreg0.S7 ; Sreg0.S25 ;
+-----------+-----------+-----------+-----------+-----------+-----------+-----------+----------+-----------+-----------+-----------+-----------+-----------+-----------+-----------+----------+----------+----------+-----------+----------+----------+-----------+
; Sreg0.S25 ; 0         ; 0         ; 0         ; 0         ; 0         ; 0         ; 0        ; 0         ; 0         ; 0         ; 0         ; 0         ; 0         ; 0         ; 0        ; 0        ; 0        ; 0         ; 0        ; 0        ; 0         ;
; Sreg0.S7  ; 0         ; 0         ; 0         ; 0         ; 0         ; 0         ; 0        ; 0         ; 0         ; 0         ; 0         ; 0         ; 0         ; 0         ; 0        ; 0        ; 0        ; 0         ; 0        ; 1        ; 1         ;
; Sreg0.S9  ; 0         ; 0         ; 0         ; 0         ; 0         ; 0         ; 0        ; 0         ; 0         ; 0         ; 0         ; 0         ; 0         ; 0         ; 0        ; 0        ; 0        ; 0         ; 1        ; 0        ; 1         ;
; Sreg0.S10 ; 0         ; 0         ; 0         ; 0         ; 0         ; 0         ; 0        ; 0         ; 0         ; 0         ; 0         ; 0         ; 0         ; 0         ; 0        ; 0        ; 0        ; 1         ; 0        ; 0        ; 1         ;
; Sreg0.S5  ; 0         ; 0         ; 0         ; 0         ; 0         ; 0         ; 0        ; 0         ; 0         ; 0         ; 0         ; 0         ; 0         ; 0         ; 0        ; 0        ; 1        ; 0         ; 0        ; 0        ; 1         ;
; Sreg0.S6  ; 0         ; 0         ; 0         ; 0         ; 0         ; 0         ; 0        ; 0         ; 0         ; 0         ; 0         ; 0         ; 0         ; 0         ; 0        ; 1        ; 0        ; 0         ; 0        ; 0        ; 1         ;
; Sreg0.S8  ; 0         ; 0         ; 0         ; 0         ; 0         ; 0         ; 0        ; 0         ; 0         ; 0         ; 0         ; 0         ; 0         ; 0         ; 1        ; 0        ; 0        ; 0         ; 0        ; 0        ; 1         ;
; Sreg0.S15 ; 0         ; 0         ; 0         ; 0         ; 0         ; 0         ; 0        ; 0         ; 0         ; 0         ; 0         ; 0         ; 0         ; 1         ; 0        ; 0        ; 0        ; 0         ; 0        ; 0        ; 1         ;
; Sreg0.S16 ; 0         ; 0         ; 0         ; 0         ; 0         ; 0         ; 0        ; 0         ; 0         ; 0         ; 0         ; 0         ; 1         ; 0         ; 0        ; 0        ; 0        ; 0         ; 0        ; 0        ; 1         ;
; Sreg0.S12 ; 0         ; 0         ; 0         ; 0         ; 0         ; 0         ; 0        ; 0         ; 0         ; 0         ; 0         ; 1         ; 0         ; 0         ; 0        ; 0        ; 0        ; 0         ; 0        ; 0        ; 1         ;
; Sreg0.S13 ; 0         ; 0         ; 0         ; 0         ; 0         ; 0         ; 0        ; 0         ; 0         ; 0         ; 1         ; 0         ; 0         ; 0         ; 0        ; 0        ; 0        ; 0         ; 0        ; 0        ; 1         ;
; Sreg0.S17 ; 0         ; 0         ; 0         ; 0         ; 0         ; 0         ; 0        ; 0         ; 0         ; 1         ; 0         ; 0         ; 0         ; 0         ; 0        ; 0        ; 0        ; 0         ; 0        ; 0        ; 1         ;
; Sreg0.S18 ; 0         ; 0         ; 0         ; 0         ; 0         ; 0         ; 0        ; 0         ; 1         ; 0         ; 0         ; 0         ; 0         ; 0         ; 0        ; 0        ; 0        ; 0         ; 0        ; 0        ; 1         ;
; Sreg0.S14 ; 0         ; 0         ; 0         ; 0         ; 0         ; 0         ; 0        ; 1         ; 0         ; 0         ; 0         ; 0         ; 0         ; 0         ; 0        ; 0        ; 0        ; 0         ; 0        ; 0        ; 1         ;
; Sreg0.S1  ; 0         ; 0         ; 0         ; 0         ; 0         ; 0         ; 1        ; 0         ; 0         ; 0         ; 0         ; 0         ; 0         ; 0         ; 0        ; 0        ; 0        ; 0         ; 0        ; 0        ; 1         ;
; Sreg0.S20 ; 0         ; 0         ; 0         ; 0         ; 0         ; 1         ; 0        ; 0         ; 0         ; 0         ; 0         ; 0         ; 0         ; 0         ; 0        ; 0        ; 0        ; 0         ; 0        ; 0        ; 1         ;
; Sreg0.S19 ; 0         ; 0         ; 0         ; 0         ; 1         ; 0         ; 0        ; 0         ; 0         ; 0         ; 0         ; 0         ; 0         ; 0         ; 0        ; 0        ; 0        ; 0         ; 0        ; 0        ; 1         ;
; Sreg0.S21 ; 0         ; 0         ; 0         ; 1         ; 0         ; 0         ; 0        ; 0         ; 0         ; 0         ; 0         ; 0         ; 0         ; 0         ; 0        ; 0        ; 0        ; 0         ; 0        ; 0        ; 1         ;
; Sreg0.S22 ; 0         ; 0         ; 1         ; 0         ; 0         ; 0         ; 0        ; 0         ; 0         ; 0         ; 0         ; 0         ; 0         ; 0         ; 0        ; 0        ; 0        ; 0         ; 0        ; 0        ; 1         ;
; Sreg0.S23 ; 0         ; 1         ; 0         ; 0         ; 0         ; 0         ; 0        ; 0         ; 0         ; 0         ; 0         ; 0         ; 0         ; 0         ; 0        ; 0        ; 0        ; 0         ; 0        ; 0        ; 1         ;
; Sreg0.S24 ; 1         ; 0         ; 0         ; 0         ; 0         ; 0         ; 0        ; 0         ; 0         ; 0         ; 0         ; 0         ; 0         ; 0         ; 0        ; 0        ; 0        ; 0         ; 0        ; 0        ; 1         ;
+-----------+-----------+-----------+-----------+-----------+-----------+-----------+----------+-----------+-----------+-----------+-----------+-----------+-----------+-----------+----------+----------+----------+-----------+----------+----------+-----------+


Encoding Type:  One-Hot
+-----------------------------------------------------------------------------------------------------------------------------------------------------------------------------------------------------------------------------------------------------------------+
; State Machine - |Bonus|controller:ctrl_inst|rdwr1:i2c_x_inst|Sreg0                                                                                                                                                                                              ;
+-----------+-----------+-----------+-----------+-----------+-----------+-----------+----------+-----------+-----------+-----------+-----------+-----------+-----------+-----------+----------+----------+----------+-----------+----------+----------+-----------+
; Name      ; Sreg0.S24 ; Sreg0.S23 ; Sreg0.S22 ; Sreg0.S21 ; Sreg0.S19 ; Sreg0.S20 ; Sreg0.S1 ; Sreg0.S14 ; Sreg0.S18 ; Sreg0.S17 ; Sreg0.S13 ; Sreg0.S12 ; Sreg0.S16 ; Sreg0.S15 ; Sreg0.S8 ; Sreg0.S6 ; Sreg0.S5 ; Sreg0.S10 ; Sreg0.S9 ; Sreg0.S7 ; Sreg0.S25 ;
+-----------+-----------+-----------+-----------+-----------+-----------+-----------+----------+-----------+-----------+-----------+-----------+-----------+-----------+-----------+----------+----------+----------+-----------+----------+----------+-----------+
; Sreg0.S25 ; 0         ; 0         ; 0         ; 0         ; 0         ; 0         ; 0        ; 0         ; 0         ; 0         ; 0         ; 0         ; 0         ; 0         ; 0        ; 0        ; 0        ; 0         ; 0        ; 0        ; 0         ;
; Sreg0.S7  ; 0         ; 0         ; 0         ; 0         ; 0         ; 0         ; 0        ; 0         ; 0         ; 0         ; 0         ; 0         ; 0         ; 0         ; 0        ; 0        ; 0        ; 0         ; 0        ; 1        ; 1         ;
; Sreg0.S9  ; 0         ; 0         ; 0         ; 0         ; 0         ; 0         ; 0        ; 0         ; 0         ; 0         ; 0         ; 0         ; 0         ; 0         ; 0        ; 0        ; 0        ; 0         ; 1        ; 0        ; 1         ;
; Sreg0.S10 ; 0         ; 0         ; 0         ; 0         ; 0         ; 0         ; 0        ; 0         ; 0         ; 0         ; 0         ; 0         ; 0         ; 0         ; 0        ; 0        ; 0        ; 1         ; 0        ; 0        ; 1         ;
; Sreg0.S5  ; 0         ; 0         ; 0         ; 0         ; 0         ; 0         ; 0        ; 0         ; 0         ; 0         ; 0         ; 0         ; 0         ; 0         ; 0        ; 0        ; 1        ; 0         ; 0        ; 0        ; 1         ;
; Sreg0.S6  ; 0         ; 0         ; 0         ; 0         ; 0         ; 0         ; 0        ; 0         ; 0         ; 0         ; 0         ; 0         ; 0         ; 0         ; 0        ; 1        ; 0        ; 0         ; 0        ; 0        ; 1         ;
; Sreg0.S8  ; 0         ; 0         ; 0         ; 0         ; 0         ; 0         ; 0        ; 0         ; 0         ; 0         ; 0         ; 0         ; 0         ; 0         ; 1        ; 0        ; 0        ; 0         ; 0        ; 0        ; 1         ;
; Sreg0.S15 ; 0         ; 0         ; 0         ; 0         ; 0         ; 0         ; 0        ; 0         ; 0         ; 0         ; 0         ; 0         ; 0         ; 1         ; 0        ; 0        ; 0        ; 0         ; 0        ; 0        ; 1         ;
; Sreg0.S16 ; 0         ; 0         ; 0         ; 0         ; 0         ; 0         ; 0        ; 0         ; 0         ; 0         ; 0         ; 0         ; 1         ; 0         ; 0        ; 0        ; 0        ; 0         ; 0        ; 0        ; 1         ;
; Sreg0.S12 ; 0         ; 0         ; 0         ; 0         ; 0         ; 0         ; 0        ; 0         ; 0         ; 0         ; 0         ; 1         ; 0         ; 0         ; 0        ; 0        ; 0        ; 0         ; 0        ; 0        ; 1         ;
; Sreg0.S13 ; 0         ; 0         ; 0         ; 0         ; 0         ; 0         ; 0        ; 0         ; 0         ; 0         ; 1         ; 0         ; 0         ; 0         ; 0        ; 0        ; 0        ; 0         ; 0        ; 0        ; 1         ;
; Sreg0.S17 ; 0         ; 0         ; 0         ; 0         ; 0         ; 0         ; 0        ; 0         ; 0         ; 1         ; 0         ; 0         ; 0         ; 0         ; 0        ; 0        ; 0        ; 0         ; 0        ; 0        ; 1         ;
; Sreg0.S18 ; 0         ; 0         ; 0         ; 0         ; 0         ; 0         ; 0        ; 0         ; 1         ; 0         ; 0         ; 0         ; 0         ; 0         ; 0        ; 0        ; 0        ; 0         ; 0        ; 0        ; 1         ;
; Sreg0.S14 ; 0         ; 0         ; 0         ; 0         ; 0         ; 0         ; 0        ; 1         ; 0         ; 0         ; 0         ; 0         ; 0         ; 0         ; 0        ; 0        ; 0        ; 0         ; 0        ; 0        ; 1         ;
; Sreg0.S1  ; 0         ; 0         ; 0         ; 0         ; 0         ; 0         ; 1        ; 0         ; 0         ; 0         ; 0         ; 0         ; 0         ; 0         ; 0        ; 0        ; 0        ; 0         ; 0        ; 0        ; 1         ;
; Sreg0.S20 ; 0         ; 0         ; 0         ; 0         ; 0         ; 1         ; 0        ; 0         ; 0         ; 0         ; 0         ; 0         ; 0         ; 0         ; 0        ; 0        ; 0        ; 0         ; 0        ; 0        ; 1         ;
; Sreg0.S19 ; 0         ; 0         ; 0         ; 0         ; 1         ; 0         ; 0        ; 0         ; 0         ; 0         ; 0         ; 0         ; 0         ; 0         ; 0        ; 0        ; 0        ; 0         ; 0        ; 0        ; 1         ;
; Sreg0.S21 ; 0         ; 0         ; 0         ; 1         ; 0         ; 0         ; 0        ; 0         ; 0         ; 0         ; 0         ; 0         ; 0         ; 0         ; 0        ; 0        ; 0        ; 0         ; 0        ; 0        ; 1         ;
; Sreg0.S22 ; 0         ; 0         ; 1         ; 0         ; 0         ; 0         ; 0        ; 0         ; 0         ; 0         ; 0         ; 0         ; 0         ; 0         ; 0        ; 0        ; 0        ; 0         ; 0        ; 0        ; 1         ;
; Sreg0.S23 ; 0         ; 1         ; 0         ; 0         ; 0         ; 0         ; 0        ; 0         ; 0         ; 0         ; 0         ; 0         ; 0         ; 0         ; 0        ; 0        ; 0        ; 0         ; 0        ; 0        ; 1         ;
; Sreg0.S24 ; 1         ; 0         ; 0         ; 0         ; 0         ; 0         ; 0        ; 0         ; 0         ; 0         ; 0         ; 0         ; 0         ; 0         ; 0        ; 0        ; 0        ; 0         ; 0        ; 0        ; 1         ;
+-----------+-----------+-----------+-----------+-----------+-----------+-----------+----------+-----------+-----------+-----------+-----------+-----------+-----------+-----------+----------+----------+----------+-----------+----------+----------+-----------+


+---------------------------------------------------------------------------------------------------------------+
; Registers Removed During Synthesis                                                                            ;
+-------------------------------------------------+-------------------------------------------------------------+
; Register name                                   ; Reason for Removal                                          ;
+-------------------------------------------------+-------------------------------------------------------------+
; controller:ctrl_inst|rom_y:rom_y_inst|data[6,7] ; Merged with controller:ctrl_inst|rom_y:rom_y_inst|data[5]   ;
; controller:ctrl_inst|rom_x:rom_x_inst|data[6,7] ; Merged with controller:ctrl_inst|rom_x:rom_x_inst|data[5]   ;
; controller:ctrl_inst|rom_x:rom_x_inst|data[5]   ; Stuck at GND due to stuck port data_in                      ;
; controller:ctrl_inst|rom_y:rom_y_inst|data[5]   ; Stuck at GND due to stuck port data_in                      ;
; controller:ctrl_inst|wdata_x[5..7]              ; Stuck at GND due to stuck port data_in                      ;
; controller:ctrl_inst|wdata_y[5..7]              ; Stuck at GND due to stuck port data_in                      ;
; controller:ctrl_inst|rdwr1:i2c_y_inst|Sreg0.S23 ; Stuck at GND due to stuck port data_in                      ;
; controller:ctrl_inst|rdwr1:i2c_x_inst|Sreg0.S23 ; Stuck at GND due to stuck port data_in                      ;
; controller:ctrl_inst|rdwr1:i2c_y_inst|Sreg0.S24 ; Stuck at GND due to stuck port data_in                      ;
; controller:ctrl_inst|rdwr1:i2c_x_inst|Sreg0.S24 ; Stuck at GND due to stuck port data_in                      ;
; controller:ctrl_inst|rdwr1:i2c_y_inst|Sreg0.S25 ; Merged with controller:ctrl_inst|rdwr1:i2c_x_inst|Sreg0.S25 ;
; Total Number of Removed Registers = 17          ;                                                             ;
+-------------------------------------------------+-------------------------------------------------------------+


+-----------------------------------------------------------------------------------------------------------------------------------------------+
; Removed Registers Triggering Further Register Optimizations                                                                                   ;
+-----------------------------------------------+---------------------------+-------------------------------------------------------------------+
; Register name                                 ; Reason for Removal        ; Registers Removed due to This Register                            ;
+-----------------------------------------------+---------------------------+-------------------------------------------------------------------+
; controller:ctrl_inst|rom_x:rom_x_inst|data[5] ; Stuck at GND              ; controller:ctrl_inst|wdata_x[7], controller:ctrl_inst|wdata_x[6], ;
;                                               ; due to stuck port data_in ; controller:ctrl_inst|wdata_x[5]                                   ;
; controller:ctrl_inst|rom_y:rom_y_inst|data[5] ; Stuck at GND              ; controller:ctrl_inst|wdata_y[7], controller:ctrl_inst|wdata_y[6], ;
;                                               ; due to stuck port data_in ; controller:ctrl_inst|wdata_y[5]                                   ;
+-----------------------------------------------+---------------------------+-------------------------------------------------------------------+


+------------------------------------------------------+
; General Register Statistics                          ;
+----------------------------------------------+-------+
; Statistic                                    ; Value ;
+----------------------------------------------+-------+
; Total registers                              ; 83    ;
; Number of registers using Synchronous Clear  ; 10    ;
; Number of registers using Synchronous Load   ; 4     ;
; Number of registers using Asynchronous Clear ; 10    ;
; Number of registers using Asynchronous Load  ; 0     ;
; Number of registers using Clock Enable       ; 20    ;
; Number of registers using Preset             ; 0     ;
+----------------------------------------------+-------+


+---------------------------------------------------------------------------+
; Inverted Register Statistics                                              ;
+-----------------------------------------------------------------+---------+
; Inverted Register                                               ; Fan out ;
+-----------------------------------------------------------------+---------+
; controller:ctrl_inst|rdwr1:i2c_x_inst|\Sreg0_machine:counter[3] ; 5       ;
; controller:ctrl_inst|rdwr1:i2c_y_inst|\Sreg0_machine:counter[3] ; 5       ;
; Total number of inverted registers = 2                          ;         ;
+-----------------------------------------------------------------+---------+


+--------------------------------------------------------------------------------------------------------------------------------------------------------------------------------------+
; Multiplexer Restructuring Statistics (Restructuring Performed)                                                                                                                       ;
+--------------------+-----------+---------------+----------------------+------------------------+------------+------------------------------------------------------------------------+
; Multiplexer Inputs ; Bus Width ; Baseline Area ; Area if Restructured ; Saving if Restructured ; Registered ; Example Multiplexer Output                                             ;
+--------------------+-----------+---------------+----------------------+------------------------+------------+------------------------------------------------------------------------+
; 5:1                ; 2 bits    ; 6 LEs         ; 4 LEs                ; 2 LEs                  ; Yes        ; |Bonus|controller:ctrl_inst|rdwr1:i2c_y_inst|\Sreg0_machine:counter[1] ;
; 5:1                ; 2 bits    ; 6 LEs         ; 4 LEs                ; 2 LEs                  ; Yes        ; |Bonus|controller:ctrl_inst|rdwr1:i2c_x_inst|\Sreg0_machine:counter[2] ;
; 4:1                ; 16 bits   ; 32 LEs        ; 32 LEs               ; 0 LEs                  ; No         ; |Bonus|controller:ctrl_inst|rdwr1:i2c_y_inst|Sreg0                     ;
; 4:1                ; 16 bits   ; 32 LEs        ; 32 LEs               ; 0 LEs                  ; No         ; |Bonus|controller:ctrl_inst|rdwr1:i2c_x_inst|Sreg0                     ;
; 6:1                ; 3 bits    ; 12 LEs        ; 12 LEs               ; 0 LEs                  ; No         ; |Bonus|controller:ctrl_inst|rdwr1:i2c_y_inst|Sreg0                     ;
; 6:1                ; 3 bits    ; 12 LEs        ; 12 LEs               ; 0 LEs                  ; No         ; |Bonus|controller:ctrl_inst|rdwr1:i2c_x_inst|Sreg0                     ;
+--------------------+-----------+---------------+----------------------+------------------------+------------+------------------------------------------------------------------------+


+------------------------------------------------------------------------------------+
; Parameter Settings for User Entity Instance: controller:ctrl_inst|rom_x:rom_x_inst ;
+----------------+-------+-----------------------------------------------------------+
; Parameter Name ; Value ; Type                                                      ;
+----------------+-------+-----------------------------------------------------------+
; data_width     ; 8     ; Signed Integer                                            ;
; addr_width     ; 4     ; Signed Integer                                            ;
+----------------+-------+-----------------------------------------------------------+
Note: In order to hide this table in the UI and the text report file, please set the "Show Parameter Settings in Synthesis Report" option in "Analysis and Synthesis Settings -> More Settings" to "Off".


+------------------------------------------------------------------------------------+
; Parameter Settings for User Entity Instance: controller:ctrl_inst|rom_y:rom_y_inst ;
+----------------+-------+-----------------------------------------------------------+
; Parameter Name ; Value ; Type                                                      ;
+----------------+-------+-----------------------------------------------------------+
; data_width     ; 8     ; Signed Integer                                            ;
; addr_width     ; 4     ; Signed Integer                                            ;
+----------------+-------+-----------------------------------------------------------+
Note: In order to hide this table in the UI and the text report file, please set the "Show Parameter Settings in Synthesis Report" option in "Analysis and Synthesis Settings -> More Settings" to "Off".


+----------------------------------------------------------------------------------------------------------------------+
; Port Connectivity Checks: "controller:ctrl_inst|rdwr1:i2c_y_inst"                                                    ;
+------------+--------+----------+-------------------------------------------------------------------------------------+
; Port       ; Type   ; Severity ; Details                                                                             ;
+------------+--------+----------+-------------------------------------------------------------------------------------+
; start_read ; Input  ; Info     ; Stuck at GND                                                                        ;
; stopc      ; Input  ; Info     ; Stuck at GND                                                                        ;
; rdata      ; Output ; Info     ; Connected to dangling logic. Logic that only feeds a dangling port will be removed. ;
+------------+--------+----------+-------------------------------------------------------------------------------------+


+----------------------------------------------------------------------------------------------------------------------+
; Port Connectivity Checks: "controller:ctrl_inst|rdwr1:i2c_x_inst"                                                    ;
+------------+--------+----------+-------------------------------------------------------------------------------------+
; Port       ; Type   ; Severity ; Details                                                                             ;
+------------+--------+----------+-------------------------------------------------------------------------------------+
; start_read ; Input  ; Info     ; Stuck at GND                                                                        ;
; stopc      ; Input  ; Info     ; Stuck at GND                                                                        ;
; rdata      ; Output ; Info     ; Connected to dangling logic. Logic that only feeds a dangling port will be removed. ;
+------------+--------+----------+-------------------------------------------------------------------------------------+


+-----------------------------------------------------+
; Post-Synthesis Netlist Statistics for Top Partition ;
+-----------------------+-----------------------------+
; Type                  ; Count                       ;
+-----------------------+-----------------------------+
; arriav_ff             ; 83                          ;
;     CLR               ; 4                           ;
;     ENA               ; 14                          ;
;     ENA CLR           ; 6                           ;
;     SCLR              ; 10                          ;
;     SLD               ; 4                           ;
;     plain             ; 45                          ;
; arriav_io_obuf        ; 2                           ;
; arriav_lcell_comb     ; 95                          ;
;     extend            ; 2                           ;
;         7 data inputs ; 2                           ;
;     normal            ; 93                          ;
;         1 data inputs ; 5                           ;
;         2 data inputs ; 32                          ;
;         3 data inputs ; 6                           ;
;         4 data inputs ; 14                          ;
;         5 data inputs ; 18                          ;
;         6 data inputs ; 18                          ;
; boundary_port         ; 18                          ;
;                       ;                             ;
; Max LUT depth         ; 2.00                        ;
; Average LUT depth     ; 1.39                        ;
+-----------------------+-----------------------------+


+-------------------------------+
; Elapsed Time Per Partition    ;
+----------------+--------------+
; Partition Name ; Elapsed Time ;
+----------------+--------------+
; Top            ; 00:00:00     ;
+----------------+--------------+


+-------------------------------+
; Analysis & Synthesis Messages ;
+-------------------------------+
Info: *******************************************************************
Info: Running Quartus Prime Analysis & Synthesis
    Info: Version 18.1.0 Build 625 09/12/2018 SJ Standard Edition
    Info: Processing started: Tue Jul 02 11:29:09 2024
Info: Command: quartus_map --read_settings_files=on --write_settings_files=off Bonus -c Bonus
Warning (18236): Number of processors has not been specified which may cause overloading on shared machines.  Set the global assignment NUM_PARALLEL_PROCESSORS in your QSF to an appropriate value for best performance.
Info (20030): Parallel compilation is enabled and will use 16 of the 16 processors detected
Info (12021): Found 2 design units, including 1 entities, in source file rom_x.vhd
    Info (12022): Found design unit 1: rom_x-behav File: F:/EleBonus/rom_x.vhd Line: 17
    Info (12023): Found entity 1: rom_x File: F:/EleBonus/rom_x.vhd Line: 5
Info (12021): Found 2 design units, including 1 entities, in source file rom_y.vhd
    Info (12022): Found design unit 1: rom_y-behav File: F:/EleBonus/rom_y.vhd Line: 17
    Info (12023): Found entity 1: rom_y File: F:/EleBonus/rom_y.vhd Line: 5
Info (12021): Found 2 design units, including 1 entities, in source file controller.vhd
    Info (12022): Found design unit 1: controller-behav File: F:/EleBonus/controller.vhd Line: 28
    Info (12023): Found entity 1: controller File: F:/EleBonus/controller.vhd Line: 5
Info (12021): Found 2 design units, including 1 entities, in source file bonus.vhd
    Info (12022): Found design unit 1: Bonus-rtl File: F:/EleBonus/Bonus.vhd Line: 28
    Info (12023): Found entity 1: Bonus File: F:/EleBonus/Bonus.vhd Line: 5
Info (12021): Found 2 design units, including 1 entities, in source file rdwr1.vhd
    Info (12022): Found design unit 1: rdwr1-rdwr1_arch File: F:/EleBonus/rdwr1.vhd Line: 36
    Info (12023): Found entity 1: rdwr1 File: F:/EleBonus/rdwr1.vhd Line: 16
Warning (12019): Can't analyze file -- file rom.vhd is missing
Info (12127): Elaborating entity "Bonus" for the top level hierarchy
Info (12128): Elaborating entity "controller" for hierarchy "controller:ctrl_inst" File: F:/EleBonus/Bonus.vhd Line: 36
Warning (10036): Verilog HDL or VHDL warning at controller.vhd(34): object "rdata_x" assigned a value but never read File: F:/EleBonus/controller.vhd Line: 34
Warning (10036): Verilog HDL or VHDL warning at controller.vhd(35): object "rdata_y" assigned a value but never read File: F:/EleBonus/controller.vhd Line: 35
Warning (10541): VHDL Signal Declaration warning at controller.vhd(36): used implicit default value for signal "inSDA_x" because signal was never assigned a value or an explicit default value. Use of implicit default value may introduce unintended design optimizations. File: F:/EleBonus/controller.vhd Line: 36
Warning (10541): VHDL Signal Declaration warning at controller.vhd(37): used implicit default value for signal "inSDA_y" because signal was never assigned a value or an explicit default value. Use of implicit default value may introduce unintended design optimizations. File: F:/EleBonus/controller.vhd Line: 37
Warning (10631): VHDL Process Statement warning at controller.vhd(135): inferring latch(es) for signal or variable "start_read_x", which holds its previous value in one or more paths through the process File: F:/EleBonus/controller.vhd Line: 135
Warning (10631): VHDL Process Statement warning at controller.vhd(135): inferring latch(es) for signal or variable "start_read_y", which holds its previous value in one or more paths through the process File: F:/EleBonus/controller.vhd Line: 135
Warning (10631): VHDL Process Statement warning at controller.vhd(135): inferring latch(es) for signal or variable "stop_x", which holds its previous value in one or more paths through the process File: F:/EleBonus/controller.vhd Line: 135
Warning (10631): VHDL Process Statement warning at controller.vhd(135): inferring latch(es) for signal or variable "stop_y", which holds its previous value in one or more paths through the process File: F:/EleBonus/controller.vhd Line: 135
Info (10041): Inferred latch for "stop_y" at controller.vhd(135) File: F:/EleBonus/controller.vhd Line: 135
Info (10041): Inferred latch for "stop_x" at controller.vhd(135) File: F:/EleBonus/controller.vhd Line: 135
Info (10041): Inferred latch for "start_read_y" at controller.vhd(135) File: F:/EleBonus/controller.vhd Line: 135
Info (10041): Inferred latch for "start_read_x" at controller.vhd(135) File: F:/EleBonus/controller.vhd Line: 135
Info (12128): Elaborating entity "rom_x" for hierarchy "controller:ctrl_inst|rom_x:rom_x_inst" File: F:/EleBonus/controller.vhd Line: 77
Info (12128): Elaborating entity "rom_y" for hierarchy "controller:ctrl_inst|rom_y:rom_y_inst" File: F:/EleBonus/controller.vhd Line: 85
Info (12128): Elaborating entity "rdwr1" for hierarchy "controller:ctrl_inst|rdwr1:i2c_x_inst" File: F:/EleBonus/controller.vhd Line: 93
Info (276014): Found 2 instances of uninferred RAM logic
    Info (276004): RAM logic "controller:ctrl_inst|rom_y:rom_y_inst|rom_data" is uninferred due to inappropriate RAM size File: F:/EleBonus/rom_y.vhd Line: 19
    Info (276004): RAM logic "controller:ctrl_inst|rom_x:rom_x_inst|rom_data" is uninferred due to inappropriate RAM size File: F:/EleBonus/rom_x.vhd Line: 19
Info (286030): Timing-Driven Synthesis is running
Info (16010): Generating hard_block partition "hard_block:auto_generated_inst"
    Info (16011): Adding 0 node(s), including 0 DDIO, 0 PLL, 0 transceiver and 0 LCELL
Info (21057): Implemented 133 device resources after synthesis - the final resource count might be different
    Info (21058): Implemented 8 input pins
    Info (21059): Implemented 8 output pins
    Info (21060): Implemented 2 bidirectional pins
    Info (21061): Implemented 115 logic cells
Info: Quartus Prime Analysis & Synthesis was successful. 0 errors, 10 warnings
    Info: Peak virtual memory: 4911 megabytes
    Info: Processing ended: Tue Jul 02 11:29:20 2024
    Info: Elapsed time: 00:00:11
    Info: Total CPU time (on all processors): 00:00:08


